<?xml version="1.0" encoding="UTF-8"?>
<testsuite name="TestClass" tests="1" skipped="0" failures="0" errors="0" timestamp="2022-12-14T15:26:15" hostname="ADMINPC" time="0.044">
  <properties/>
  <testcase name="trueAssumption()" classname="TestClass" time="0.044"/>
  <system-out><![CDATA[]]></system-out>
  <system-err><![CDATA[]]></system-err>
</testsuite>
